<?xml version="1.0" encoding="UTF-8"?>
<!-- Generated by org.testng.reporters.JUnitReportReporter -->
<testsuite hostname="QuangVu" failures="0" tests="1" name="com.vdqgpm.tests.MainTest" time="2.704" errors="0" timestamp="2024-05-18T14:53:16 ICT" skipped="0">
  <testcase classname="com.vdqgpm.tests.MainTest" name="testSomthing" time="2.704"/>
</testsuite> <!-- com.vdqgpm.tests.MainTest -->
